G:\Python\flask-api-upload-image-master\server-with-clarifai\backend
G:\Python\flask-api-upload-image-master\server-with-clarifai\backend
G:\Python\flask-api-upload-image-master\server-with-clarifai\backend
G:\Python\flask-api-upload-image-master\server-with-clarifai\backend
G:\Python\flask-api-upload-image-master\server-with-clarifai\backend
G:\Python\flask-api-upload-image-master\server-with-clarifai\backend
G:\Python\flask-api-upload-image-master\server-with-clarifai\backend
G:\Python\flask-api-upload-image-master\server-with-clarifai\backend
G:\Python\flask-api-upload-image-master\server-with-clarifai\backend
G:\Python\flask-api-upload-image-master\server-with-clarifai\backend
G:\Python\flask-api-upload-image-master\server-with-clarifai\backend
G:\Python\flask-api-upload-image-master\server-with-clarifai\backend
G:\Python\flask-api-upload-image-master\server-with-clarifai\backend
G:\Python\flask-api-upload-image-master\server-with-clarifai\backend
G:\Python\flask-api-upload-image-master\server-with-clarifai\backend
G:\Python\flask-api-upload-image-master\server-with-clarifai\backend
G:\Python\flask-api-upload-image-master\server-with-clarifai\backend
G:\Python\flask-api-upload-image-master\server-with-clarifai\backend/uploads/
G:\Python\flask-api-upload-image-master\server-with-clarifai\backend
G:\Python\flask-api-upload-image-master\server-with-clarifai\backend
G:\Python\flask-api-upload-image-master\server-with-clarifai\backend
G:\Python\flask-api-upload-image-master\server-with-clarifai\backend
G:\Python\flask-api-upload-image-master\server-with-clarifai\backend
G:\Python\flask-api-upload-image-master\server-with-clarifai\backend
G:\Python\flask-api-upload-image-master\server-with-clarifai\backend
G:\Python\flask-api-upload-image-master\server-with-clarifai\backend
G:\Python\flask-api-upload-image-master\server-with-clarifai\backend
G:\Python\flask-api-upload-image-master\server-with-clarifai\backend
G:\Python\flask-api-upload-image-master\server-with-clarifai\backend
G:\Python\flask-api-upload-image-master\server-with-clarifai\backend
G:\Python\flask-api-upload-image-master\server-with-clarifai\backend
G:\Python\flask-api-upload-image-master\server-with-clarifai\backend
G:\Python\flask-api-upload-image-master\server-with-clarifai\backend
G:\Python\flask-api-upload-image-master\server-with-clarifai\backend
G:\Python\flask-api-upload-image-master\server-with-clarifai\backend
G:\Python\flask-api-upload-image-master\server-with-clarifai\backend
G:\Python\flask-api-upload-image-master\server-with-clarifai\backend/uploads/
G:\Python\flask-api-upload-image-master\server-with-clarifai\backend
G:\Python\flask-api-upload-image-master\server-with-clarifai\backend/uploads/
G:\Python\flask-api-upload-image-master\server-with-clarifai\backend
G:\Python\flask-api-upload-image-master\server-with-clarifai\backend/uploads/
G:\Python\flask-api-upload-image-master\server-with-clarifai\backend
G:\Python\flask-api-upload-image-master\server-with-clarifai\backend/uploads/
G:\Python\flask-api-upload-image-master\server-with-clarifai\backend
G:\Python\flask-api-upload-image-master\server-with-clarifai\backend/uploads/
G:\Python\flask-api-upload-image-master\server-with-clarifai\backend
G:\Python\flask-api-upload-image-master\server-with-clarifai\backend/uploads/
G:\Python\flask-api-upload-image-master\server-with-clarifai\backend/uploads/
G:\Python\flask-api-upload-image-master\server-with-clarifai\backend/uploads/
G:\Python\flask-api-upload-image-master\server-with-clarifai\backend/uploads/
G:\Python\flask-api-upload-image-master\server-with-clarifai\backend/uploads/
G:\Python\flask-api-upload-image-master\server-with-clarifai\backend/uploads/
G:\Python\flask-api-upload-image-master\server-with-clarifai\backend/uploads/
G:\Python\flask-api-upload-image-master\server-with-clarifai\backend/uploads/
G:\Python\flask-api-upload-image-master\server-with-clarifai\backend/uploads/
G:\Python\flask-api-upload-image-master\server-with-clarifai\backend/uploads/
G:\Python\flask-api-upload-image-master\server-with-clarifai\backend/uploads/
G:\Python\flask-api-upload-image-master\server-with-clarifai\backend/uploads/
G:\Python\flask-api-upload-image-master\server-with-clarifai\backend/uploads/
G:\Python\flask-api-upload-image-master\server-with-clarifai\backend/uploads/
G:\Python\flask-api-upload-image-master\server-with-clarifai\backend/uploads/
G:\Python\flask-api-upload-image-master\server-with-clarifai\backend/uploads/
G:\Python\flask-api-upload-image-master\server-with-clarifai\backend/uploads/
G:\Python\flask-api-upload-image-master\server-with-clarifai\backend/uploads/
G:\Python\flask-api-upload-image-master\server-with-clarifai\backend/uploads/
G:\Python\flask-api-upload-image-master\server-with-clarifai\backend/uploads/
saving G:\Python\flask-api-upload-image-master\server-with-clarifai\backend/uploads/123455
G:\Python\flask-api-upload-image-master\server-with-clarifai\backend/uploads/
saving G:\Python\flask-api-upload-image-master\server-with-clarifai\backend/uploads/123455
G:\Python\flask-api-upload-image-master\server-with-clarifai\backend/uploads/
G:\Python\flask-api-upload-image-master\server-with-clarifai\backend/uploads/
G:\Python\flask-api-upload-image-master\server-with-clarifai\backend/uploads/
G:\Python\flask-api-upload-image-master\server-with-clarifai\backend/uploads/
G:\Python\flask-api-upload-image-master\server-with-clarifai\backend
G:\Python\flask-api-upload-image-master\server-with-clarifai\backend/uploads/
saving G:\Python\flask-api-upload-image-master\server-with-clarifai\backend/uploads/0000020101.jpg
G:\Python\flask-api-upload-image-master\server-with-clarifai\backend
G:\Python\flask-api-upload-image-master\server-with-clarifai\backend/uploads/
saving G:\Python\flask-api-upload-image-master\server-with-clarifai\backend/uploads/0000020101.jpg
G:\Python\flask-api-upload-image-master\server-with-clarifai\backend
G:\Python\flask-api-upload-image-master\server-with-clarifai\backend/uploads/
saving G:\Python\flask-api-upload-image-master\server-with-clarifai\backend/uploads/0000060101.jpg
G:\Python\flask-api-upload-image-master\server-with-clarifai\backend
G:\Python\flask-api-upload-image-master\server-with-clarifai\backend/uploads/
saving G:\Python\flask-api-upload-image-master\server-with-clarifai\backend/uploads/0000060101.jpg
G:\Python\flask-api-upload-image-master\server-with-clarifai\backend
G:\Python\flask-api-upload-image-master\server-with-clarifai\backend/uploads/
saving G:\Python\flask-api-upload-image-master\server-with-clarifai\backend/uploads/0000060101.jpg
G:\Python\flask-api-upload-image-master\server-with-clarifai\backend
G:\Python\flask-api-upload-image-master\server-with-clarifai\backend/uploads/
saving G:\Python\flask-api-upload-image-master\server-with-clarifai\backend/uploads/0000060101.jpg
G:\Python\flask-api-upload-image-master\server-with-clarifai\backend
G:\Python\flask-api-upload-image-master\server-with-clarifai\backend/uploads/
saving G:\Python\flask-api-upload-image-master\server-with-clarifai\backend/uploads/0000060101.jpg
G:\Python\flask-api-upload-image-master\server-with-clarifai\backend
G:\Python\flask-api-upload-image-master\server-with-clarifai\backend/uploads/
saving G:\Python\flask-api-upload-image-master\server-with-clarifai\backend/uploads/0000060101.jpg
G:\Python\flask-api-upload-image-master\server-with-clarifai\backend
G:\Python\flask-api-upload-image-master\server-with-clarifai\backend/uploads/
saving G:\Python\flask-api-upload-image-master\server-with-clarifai\backend/uploads/0000060101.jpg
G:\Python\flask-api-upload-image-master\server-with-clarifai\backend
G:\Python\flask-api-upload-image-master\server-with-clarifai\backend/uploads/
saving G:\Python\flask-api-upload-image-master\server-with-clarifai\backend/uploads/0000060101.jpg
G:\Python\flask-api-upload-image-master\server-with-clarifai\backend
G:\Python\flask-api-upload-image-master\server-with-clarifai\backend/uploads/
saving G:\Python\flask-api-upload-image-master\server-with-clarifai\backend/uploads/0000070101.jpg
G:\Python\flask-api-upload-image-master\server-with-clarifai\backend
G:\Python\flask-api-upload-image-master\server-with-clarifai\backend/uploads/
saving G:\Python\flask-api-upload-image-master\server-with-clarifai\backend/uploads/0000040101.jpg
G:\Python\flask-api-upload-image-master\server-with-clarifai\backend
G:\Python\flask-api-upload-image-master\server-with-clarifai\backend/uploads/
saving G:\Python\flask-api-upload-image-master\server-with-clarifai\backend/uploads/0000070101.jpg
G:\Python\flask-api-upload-image-master\server-with-clarifai\backend
G:\Python\flask-api-upload-image-master\server-with-clarifai\backend/uploads/
saving G:\Python\flask-api-upload-image-master\server-with-clarifai\backend/uploads/0000070101.jpg
G:\Python\flask-api-upload-image-master\server-with-clarifai\backend
G:\Python\flask-api-upload-image-master\server-with-clarifai\backend/uploads/
saving G:\Python\flask-api-upload-image-master\server-with-clarifai\backend/uploads/0000340101.jpg
G:\Python\flask-api-upload-image-master\server-with-clarifai\backend
G:\Python\flask-api-upload-image-master\server-with-clarifai\backend/uploads/
saving G:\Python\flask-api-upload-image-master\server-with-clarifai\backend/uploads/0000340101.jpg
G:\Python\flask-api-upload-image-master\server-with-clarifai\backend
G:\Python\flask-api-upload-image-master\server-with-clarifai\backend/uploads/
saving G:\Python\flask-api-upload-image-master\server-with-clarifai\backend/uploads/0000070101.jpg
G:\Python\flask-api-upload-image-master\server-with-clarifai\backend
G:\Python\flask-api-upload-image-master\server-with-clarifai\backend/uploads/
saving G:\Python\flask-api-upload-image-master\server-with-clarifai\backend/uploads/0000060102.jpg
G:\Python\flask-api-upload-image-master\server-with-clarifai\backend
G:\Python\flask-api-upload-image-master\server-with-clarifai\backend/uploads/
saving G:\Python\flask-api-upload-image-master\server-with-clarifai\backend/uploads/0000070202.jpg
G:\Python\flask-api-upload-image-master\server-with-clarifai\backend
G:\Python\flask-api-upload-image-master\server-with-clarifai\backend/uploads/
saving G:\Python\flask-api-upload-image-master\server-with-clarifai\backend/uploads/0000060102.jpg
G:\Python\flask-api-upload-image-master\server-with-clarifai\backend
G:\Python\flask-api-upload-image-master\server-with-clarifai\backend/uploads/
saving G:\Python\flask-api-upload-image-master\server-with-clarifai\backend/uploads/0000060102.jpg
G:\Python\flask-api-upload-image-master\server-with-clarifai\backend
G:\Python\flask-api-upload-image-master\server-with-clarifai\backend/uploads/
saving G:\Python\flask-api-upload-image-master\server-with-clarifai\backend/uploads/0000060102.jpg
G:\Python\flask-api-upload-image-master\server-with-clarifai\backend
G:\Python\flask-api-upload-image-master\server-with-clarifai\backend/uploads/
saving G:\Python\flask-api-upload-image-master\server-with-clarifai\backend/uploads/0000070202.jpg
G:\Python\flask-api-upload-image-master\server-with-clarifai\backend
G:\Python\flask-api-upload-image-master\server-with-clarifai\backend/uploads/
saving G:\Python\flask-api-upload-image-master\server-with-clarifai\backend/uploads/0000070101.jpg
G:\Python\flask-api-upload-image-master\server-with-clarifai\backend
G:\Python\flask-api-upload-image-master\server-with-clarifai\backend/uploads/
saving G:\Python\flask-api-upload-image-master\server-with-clarifai\backend/uploads/0000070101.jpg
G:\Python\flask-api-upload-image-master\server-with-clarifai\backend
G:\Python\flask-api-upload-image-master\server-with-clarifai\backend/uploads/
saving G:\Python\flask-api-upload-image-master\server-with-clarifai\backend/uploads/0000070101.jpg
G:\Python\flask-api-upload-image-master\server-with-clarifai\backend
G:\Python\flask-api-upload-image-master\server-with-clarifai\backend/uploads/
saving G:\Python\flask-api-upload-image-master\server-with-clarifai\backend/uploads/0000070101.jpg
G:\Python\flask-api-upload-image-master\server-with-clarifai\backend
G:\Python\flask-api-upload-image-master\server-with-clarifai\backend/uploads/
saving G:\Python\flask-api-upload-image-master\server-with-clarifai\backend/uploads/0000070101.jpg
G:\Python\flask-api-upload-image-master\server-with-clarifai\backend
G:\Python\flask-api-upload-image-master\server-with-clarifai\backend/uploads/
saving G:\Python\flask-api-upload-image-master\server-with-clarifai\backend/uploads/0000070101.jpg
G:\Python\flask-api-upload-image-master\server-with-clarifai\backend
G:\Python\flask-api-upload-image-master\server-with-clarifai\backend/uploads/
saving G:\Python\flask-api-upload-image-master\server-with-clarifai\backend/uploads/0000070101.jpg
G:\Python\flask-api-upload-image-master\server-with-clarifai\backend
G:\Python\flask-api-upload-image-master\server-with-clarifai\backend/uploads/
saving G:\Python\flask-api-upload-image-master\server-with-clarifai\backend/uploads/0000060102.jpg
G:\Python\flask-api-upload-image-master\server-with-clarifai\backend
G:\Python\flask-api-upload-image-master\server-with-clarifai\backend/uploads/
saving G:\Python\flask-api-upload-image-master\server-with-clarifai\backend/uploads/0000070101.jpg
G:\Python\flask-api-upload-image-master\server-with-clarifai\backend
G:\Python\flask-api-upload-image-master\server-with-clarifai\backend/uploads/
saving G:\Python\flask-api-upload-image-master\server-with-clarifai\backend/uploads/0000070101.jpg
G:\Python\flask-api-upload-image-master\server-with-clarifai\backend
G:\Python\flask-api-upload-image-master\server-with-clarifai\backend/uploads/
saving G:\Python\flask-api-upload-image-master\server-with-clarifai\backend/uploads/0055720101.jpg
G:\Python\flask-api-upload-image-master\server-with-clarifai\backend
G:\Python\flask-api-upload-image-master\server-with-clarifai\backend/uploads/
saving G:\Python\flask-api-upload-image-master\server-with-clarifai\backend/uploads/0000060102.jpg
G:\Python\flask-api-upload-image-master\server-with-clarifai\backend
G:\Python\flask-api-upload-image-master\server-with-clarifai\backend/uploads/
saving G:\Python\flask-api-upload-image-master\server-with-clarifai\backend/uploads/0000060102.jpg
G:\Python\flask-api-upload-image-master\server-with-clarifai\backend
G:\Python\flask-api-upload-image-master\server-with-clarifai\backend/uploads/
saving G:\Python\flask-api-upload-image-master\server-with-clarifai\backend/uploads/0000050101.jpg
G:\Python\flask-api-upload-image-master\server-with-clarifai\backend
G:\Python\flask-api-upload-image-master\server-with-clarifai\backend/uploads/
saving G:\Python\flask-api-upload-image-master\server-with-clarifai\backend/uploads/0000050101.jpg
G:\Python\flask-api-upload-image-master\server-with-clarifai\backend
G:\Python\flask-api-upload-image-master\server-with-clarifai\backend/uploads/
saving G:\Python\flask-api-upload-image-master\server-with-clarifai\backend/uploads/0000050101.jpg
G:\Python\flask-api-upload-image-master\server-with-clarifai\backend
G:\Python\flask-api-upload-image-master\server-with-clarifai\backend/uploads/
saving G:\Python\flask-api-upload-image-master\server-with-clarifai\backend/uploads/0000090101.jpg
G:\Python\flask-api-upload-image-master\server-with-clarifai\backend
G:\Python\flask-api-upload-image-master\server-with-clarifai\backend/uploads/
saving G:\Python\flask-api-upload-image-master\server-with-clarifai\backend/uploads/0000090101.jpg
G:\Python\flask-api-upload-image-master\server-with-clarifai\backend
G:\Python\flask-api-upload-image-master\server-with-clarifai\backend/uploads/
saving G:\Python\flask-api-upload-image-master\server-with-clarifai\backend/uploads/0000090103.jpg
G:\Python\flask-api-upload-image-master\server-with-clarifai\backend
G:\Python\flask-api-upload-image-master\server-with-clarifai\backend/uploads/
saving G:\Python\flask-api-upload-image-master\server-with-clarifai\backend/uploads/0000090103.jpg
G:\Python\flask-api-upload-image-master\server-with-clarifai\backend
G:\Python\flask-api-upload-image-master\server-with-clarifai\backend/uploads/
saving G:\Python\flask-api-upload-image-master\server-with-clarifai\backend/uploads/0000090103.jpg
G:\Python\flask-api-upload-image-master\server-with-clarifai\backend
G:\Python\flask-api-upload-image-master\server-with-clarifai\backend/uploads/
saving G:\Python\flask-api-upload-image-master\server-with-clarifai\backend/uploads/0000030101.jpg
G:\Python\flask-api-upload-image-master\server-with-clarifai\backend
G:\Python\flask-api-upload-image-master\server-with-clarifai\backend/uploads/
saving G:\Python\flask-api-upload-image-master\server-with-clarifai\backend/uploads/0000150103.jpg
G:\Python\flask-api-upload-image-master\server-with-clarifai\backend
G:\Python\flask-api-upload-image-master\server-with-clarifai\backend/uploads/
saving G:\Python\flask-api-upload-image-master\server-with-clarifai\backend/uploads/0000060101.jpg
G:\Python\flask-api-upload-image-master\server-with-clarifai\backend
G:\Python\flask-api-upload-image-master\server-with-clarifai\backend/uploads/
saving G:\Python\flask-api-upload-image-master\server-with-clarifai\backend/uploads/0046400101.jpg
G:\Python\flask-api-upload-image-master\server-with-clarifai\backend
G:\Python\flask-api-upload-image-master\server-with-clarifai\backend/uploads/
saving G:\Python\flask-api-upload-image-master\server-with-clarifai\backend/uploads/0000050101.jpg
G:\Python\flask-api-upload-image-master\server-with-clarifai\backend
G:\Python\flask-api-upload-image-master\server-with-clarifai\backend/uploads/
saving G:\Python\flask-api-upload-image-master\server-with-clarifai\backend/uploads/0000080101.jpg
G:\Python\flask-api-upload-image-master\server-with-clarifai\backend
G:\Python\flask-api-upload-image-master\server-with-clarifai\backend/uploads/
saving G:\Python\flask-api-upload-image-master\server-with-clarifai\backend/uploads/0000080102.jpg
/mnt/c/Users/Phoenix Sampras/Documents/git/aimage/backend
/mnt/c/Users/Phoenix Sampras/Documents/git/aimage/backend/uploads/
saving /mnt/c/Users/Phoenix Sampras/Documents/git/aimage/backend/uploads/rv.png
/mnt/c/Users/Phoenix Sampras/Documents/git/aimage/backend
/mnt/c/Users/Phoenix Sampras/Documents/git/aimage/backend/uploads/
saving /mnt/c/Users/Phoenix Sampras/Documents/git/aimage/backend/uploads/rv.png
/mnt/c/Users/Phoenix Sampras/Documents/git/aimage/backend
/mnt/c/Users/Phoenix Sampras/Documents/git/aimage/backend/uploads/
saving /mnt/c/Users/Phoenix Sampras/Documents/git/aimage/backend/uploads/rv2.png
/mnt/c/Users/Phoenix Sampras/Documents/git/aimage/backend
/mnt/c/Users/Phoenix Sampras/Documents/git/aimage/backend/uploads/
saving /mnt/c/Users/Phoenix Sampras/Documents/git/aimage/backend/uploads/rv2.png
/mnt/c/Users/Phoenix Sampras/Documents/git/aimage/backend
/mnt/c/Users/Phoenix Sampras/Documents/git/aimage/backend/uploads/
saving /mnt/c/Users/Phoenix Sampras/Documents/git/aimage/backend/uploads/rv2.png
/mnt/c/Users/Phoenix Sampras/Documents/git/aimage/backend
/mnt/c/Users/Phoenix Sampras/Documents/git/aimage/backend/uploads/
saving /mnt/c/Users/Phoenix Sampras/Documents/git/aimage/backend/uploads/rv.png
/mnt/c/Users/Phoenix Sampras/Documents/git/aimage/backend
/mnt/c/Users/Phoenix Sampras/Documents/git/aimage/backend/uploads/
saving /mnt/c/Users/Phoenix Sampras/Documents/git/aimage/backend/uploads/rv.png
/mnt/c/Users/Phoenix Sampras/Documents/git/aimage/backend
/mnt/c/Users/Phoenix Sampras/Documents/git/aimage/backend/uploads/
saving /mnt/c/Users/Phoenix Sampras/Documents/git/aimage/backend/uploads/rv3.png
/mnt/c/Users/Phoenix Sampras/Documents/git/aimage/backend
/mnt/c/Users/Phoenix Sampras/Documents/git/aimage/backend/uploads/
saving /mnt/c/Users/Phoenix Sampras/Documents/git/aimage/backend/uploads/rv.png
